Copyright 1986-2018 Xilinx, Inc. All Rights Reserved.
------------------------------------------------------------------------------------
| Tool Version : Vivado v.2018.3 (win64) Build 2405991 Thu Dec  6 23:38:27 MST 2018
| Date         : Wed Mar 26 18:06:20 2025
| Host         : DESKTOP-8PN6IMS running 64-bit major release  (build 9200)
| Command      : report_clock_utilization -file top_clock_utilization_routed.rpt
| Design       : top
| Device       : 7vx690t-ffg1927
| Speed File   : -2  PRODUCTION 1.11 2014-09-11
------------------------------------------------------------------------------------

Clock Utilization Report

Table of Contents
-----------------
1. Clock Primitive Utilization
2. Global Clock Resources
3. Global Clock Source Details
4. Clock Regions: Key Resource Utilization
5. Clock Regions : Global Clock Summary
6. Device Cell Placement Summary for Global Clock g0
7. Device Cell Placement Summary for Global Clock g1
8. Device Cell Placement Summary for Global Clock g2
9. Device Cell Placement Summary for Global Clock g3
10. Device Cell Placement Summary for Global Clock g4
11. Device Cell Placement Summary for Global Clock g5
12. Device Cell Placement Summary for Global Clock g6
13. Device Cell Placement Summary for Global Clock g7
14. Device Cell Placement Summary for Global Clock g8
15. Clock Region Cell Placement per Global Clock: Region X0Y0
16. Clock Region Cell Placement per Global Clock: Region X1Y0
17. Clock Region Cell Placement per Global Clock: Region X0Y1
18. Clock Region Cell Placement per Global Clock: Region X1Y1
19. Clock Region Cell Placement per Global Clock: Region X0Y2
20. Clock Region Cell Placement per Global Clock: Region X1Y2
21. Clock Region Cell Placement per Global Clock: Region X0Y3
22. Clock Region Cell Placement per Global Clock: Region X1Y3
23. Clock Region Cell Placement per Global Clock: Region X0Y4
24. Clock Region Cell Placement per Global Clock: Region X1Y4
25. Clock Region Cell Placement per Global Clock: Region X0Y5
26. Clock Region Cell Placement per Global Clock: Region X1Y5
27. Clock Region Cell Placement per Global Clock: Region X0Y6
28. Clock Region Cell Placement per Global Clock: Region X1Y6
29. Clock Region Cell Placement per Global Clock: Region X0Y7
30. Clock Region Cell Placement per Global Clock: Region X1Y7
31. Clock Region Cell Placement per Global Clock: Region X0Y8
32. Clock Region Cell Placement per Global Clock: Region X1Y8
33. Clock Region Cell Placement per Global Clock: Region X0Y9
34. Clock Region Cell Placement per Global Clock: Region X1Y9

1. Clock Primitive Utilization
------------------------------

+----------+------+-----------+-----+--------------+--------+
| Type     | Used | Available | LOC | Clock Region | Pblock |
+----------+------+-----------+-----+--------------+--------+
| BUFGCTRL |    9 |        32 |   0 |            0 |      0 |
| BUFH     |    0 |       240 |   0 |            0 |      0 |
| BUFIO    |    0 |        80 |   0 |            0 |      0 |
| BUFMR    |    0 |        40 |   0 |            0 |      0 |
| BUFR     |    0 |        80 |   0 |            0 |      0 |
| MMCM     |    2 |        20 |   0 |            0 |      0 |
| PLL      |    0 |        20 |   0 |            0 |      0 |
+----------+------+-----------+-----+--------------+--------+


2. Global Clock Resources
-------------------------

+-----------+-----------+-----------------+------------+----------------+--------------+-------------------+-------------+-----------------+--------------+--------------------------------------------------------------------------------------------+-------------------------------------------------------------------------------+-------------------------------------------------------------------------+
| Global Id | Source Id | Driver Type/Pin | Constraint | Site           | Clock Region | Load Clock Region | Clock Loads | Non-Clock Loads | Clock Period | Clock                                                                                      | Driver Pin                                                                    | Net                                                                     |
+-----------+-----------+-----------------+------------+----------------+--------------+-------------------+-------------+-----------------+--------------+--------------------------------------------------------------------------------------------+-------------------------------------------------------------------------------+-------------------------------------------------------------------------+
| g0        | src0      | BUFG/O          | None       | BUFGCTRL_X0Y16 | n/a          |                16 |       26836 |               0 |        8.000 | fpga_clk2_p                                                                                | int_dac_top/glbl_bufg_i/O                                                     | int_dac_top/dac_glbl_clk                                                |
| g1        | src1      | BUFG/O          | None       | BUFGCTRL_X0Y0  | n/a          |                16 |       18819 |               0 |       10.000 | clk_out2_clk_wiz_0                                                                         | u_clock_module/da_clk_moudle/inst/clkout2_buf/O                               | u_clock_module/da_clk_moudle/inst/clk_out2                              |
| g2        | src2      | BUFG/O          | None       | BUFGCTRL_X0Y17 | n/a          |                13 |       12666 |               0 |        4.000 | clk_out1_gt_clk                                                                            | u2_adc_top/i_shared_clocks/u_gtglb_clk/inst/clkout1_buf/O                     | u2_adc_top/i_shared_clocks/u_gtglb_clk/inst/clk_out1                    |
| g3        | src1      | BUFG/O          | None       | BUFGCTRL_X0Y1  | n/a          |                18 |        8937 |               0 |       10.000 | clk_out1_clk_wiz_0                                                                         | u_clock_module/da_clk_moudle/inst/clkout1_buf/O                               | u_clock_module/da_clk_moudle/inst/clk_out1                              |
| g4        | src3      | BUFG/O          | None       | BUFGCTRL_X0Y2  | n/a          |                 1 |         489 |               0 |       33.000 | dbg_hub/inst/BSCANID.u_xsdbm_id/SWITCH_N_EXT_BSCAN.bscan_inst/SERIES7_BSCAN.bscan_inst/TCK | dbg_hub/inst/BSCANID.u_xsdbm_id/SWITCH_N_EXT_BSCAN.u_bufg_icon_tck/O          | dbg_hub/inst/BSCANID.u_xsdbm_id/itck_i                                  |
| g5        | src4      | BUFG/O          | None       | BUFGCTRL_X0Y3  | n/a          |                 2 |         232 |               0 |       33.333 | u1_ADC_wrapper/ADC_i/mdm_1/U0/Use_E2.BSCAN_I/Use_E2.BSCANE2_I/DRCK                         | u1_ADC_wrapper/ADC_i/mdm_1/U0/No_Dbg_Reg_Access.BUFG_DRCK/Using_FPGA.Native/O | u1_ADC_wrapper/ADC_i/mdm_1/U0/No_Dbg_Reg_Access.BUFG_DRCK/Ext_JTAG_DRCK |
| g6        | src2      | BUFG/O          | None       | BUFGCTRL_X0Y18 | n/a          |                 1 |           1 |               0 |        8.000 | clkfbout_gt_clk                                                                            | u2_adc_top/i_shared_clocks/u_gtglb_clk/inst/clkf_buf/O                        | u2_adc_top/i_shared_clocks/u_gtglb_clk/inst/clkfbout_buf_gt_clk         |
| g7        | src5      | BUFG/O          | None       | BUFGCTRL_X0Y4  | n/a          |                 1 |           1 |               0 |       10.000 | fpga_clk_100m_p                                                                            | u_clock_module/BUFG_sysclk_inst/O                                             | u_clock_module/BUFG_sysclk_inst_n_0                                     |
| g8        | src1      | BUFG/O          | None       | BUFGCTRL_X0Y5  | n/a          |                 1 |           1 |               0 |       10.000 | clkfbout_clk_wiz_0                                                                         | u_clock_module/da_clk_moudle/inst/clkf_buf/O                                  | u_clock_module/da_clk_moudle/inst/clkfbout_buf_clk_wiz_0                |
+-----------+-----------+-----------------+------------+----------------+--------------+-------------------+-------------+-----------------+--------------+--------------------------------------------------------------------------------------------+-------------------------------------------------------------------------------+-------------------------------------------------------------------------+
* Clock Loads column represents the clock pin loads (pin count)
** Non-Clock Loads column represents the non-clock pin loads (pin count)


3. Global Clock Source Details
------------------------------

+-----------+-----------+---------------------+------------+-----------------+--------------+-------------+-----------------+---------------------+--------------------------------------------------------------------------------------------+--------------------------------------------------------------------------------------------+----------------------------------------------------------------------+
| Source Id | Global Id | Driver Type/Pin     | Constraint | Site            | Clock Region | Clock Loads | Non-Clock Loads | Source Clock Period | Source Clock                                                                               | Driver Pin                                                                                 | Net                                                                  |
+-----------+-----------+---------------------+------------+-----------------+--------------+-------------+-----------------+---------------------+--------------------------------------------------------------------------------------------+--------------------------------------------------------------------------------------------+----------------------------------------------------------------------+
| src0      | g0        | IBUFDS/O            | IOB_X1Y324 | IOB_X1Y324      | X1Y6         |           1 |               0 |               8.000 | fpga_clk2_p                                                                                | int_dac_top/i_glblclk_ibufds/O                                                             | int_dac_top/glblclk_i                                                |
| src1      | g3        | MMCME2_ADV/CLKOUT0  | None       | MMCME2_ADV_X1Y2 | X1Y2         |           1 |               0 |              10.000 | clk_out1_clk_wiz_0                                                                         | u_clock_module/da_clk_moudle/inst/mmcm_adv_inst/CLKOUT0                                    | u_clock_module/da_clk_moudle/inst/clk_out1_clk_wiz_0                 |
| src1      | g1        | MMCME2_ADV/CLKOUT1  | None       | MMCME2_ADV_X1Y2 | X1Y2         |           1 |               0 |              10.000 | clk_out2_clk_wiz_0                                                                         | u_clock_module/da_clk_moudle/inst/mmcm_adv_inst/CLKOUT1                                    | u_clock_module/da_clk_moudle/inst/clk_out2_clk_wiz_0                 |
| src1      | g8        | MMCME2_ADV/CLKFBOUT | None       | MMCME2_ADV_X1Y2 | X1Y2         |           1 |               0 |              10.000 | clkfbout_clk_wiz_0                                                                         | u_clock_module/da_clk_moudle/inst/mmcm_adv_inst/CLKFBOUT                                   | u_clock_module/da_clk_moudle/inst/clkfbout_clk_wiz_0                 |
| src2      | g2        | MMCME2_ADV/CLKOUT0  | None       | MMCME2_ADV_X1Y6 | X1Y6         |           1 |               0 |               4.000 | clk_out1_gt_clk                                                                            | u2_adc_top/i_shared_clocks/u_gtglb_clk/inst/mmcm_adv_inst/CLKOUT0                          | u2_adc_top/i_shared_clocks/u_gtglb_clk/inst/clk_out1_gt_clk          |
| src2      | g6        | MMCME2_ADV/CLKFBOUT | None       | MMCME2_ADV_X1Y6 | X1Y6         |           1 |               0 |               8.000 | clkfbout_gt_clk                                                                            | u2_adc_top/i_shared_clocks/u_gtglb_clk/inst/mmcm_adv_inst/CLKFBOUT                         | u2_adc_top/i_shared_clocks/u_gtglb_clk/inst/clkfbout_gt_clk          |
| src3      | g4        | BSCANE2/TCK         | None       | BSCAN_X0Y0      | X0Y4         |           1 |               0 |              33.000 | dbg_hub/inst/BSCANID.u_xsdbm_id/SWITCH_N_EXT_BSCAN.bscan_inst/SERIES7_BSCAN.bscan_inst/TCK | dbg_hub/inst/BSCANID.u_xsdbm_id/SWITCH_N_EXT_BSCAN.bscan_inst/SERIES7_BSCAN.bscan_inst/TCK | dbg_hub/inst/BSCANID.u_xsdbm_id/SWITCH_N_EXT_BSCAN.bscan_inst/tck_bs |
| src4      | g5        | BSCANE2/DRCK        | None       | BSCAN_X0Y1      | X0Y4         |           1 |               0 |              33.333 | u1_ADC_wrapper/ADC_i/mdm_1/U0/Use_E2.BSCAN_I/Use_E2.BSCANE2_I/DRCK                         | u1_ADC_wrapper/ADC_i/mdm_1/U0/Use_E2.BSCAN_I/Use_E2.BSCANE2_I/DRCK                         | u1_ADC_wrapper/ADC_i/mdm_1/U0/Use_E2.BSCAN_I/DRCK                    |
| src5      | g7        | IBUFDS/O            | IOB_X0Y226 | IOB_X0Y226      | X0Y4         |           1 |               0 |              10.000 | fpga_clk_100m_p                                                                            | u_clock_module/IBUFDS_inst/O                                                               | u_clock_module/fpga_clk_100m                                         |
+-----------+-----------+---------------------+------------+-----------------+--------------+-------------+-----------------+---------------------+--------------------------------------------------------------------------------------------+--------------------------------------------------------------------------------------------+----------------------------------------------------------------------+
* Clock Loads column represents the clock pin loads (pin count)
** Non-Clock Loads column represents the non-clock pin loads (pin count)


4. Clock Regions: Key Resource Utilization
------------------------------------------

+-------------------+--------------+--------------+--------------+--------------+--------------+--------------+--------------+--------------+--------------+--------------+---------------+--------------+--------------+--------------+--------------+
|                   | Global Clock |     BUFRs    |    BUFMRs    |    BUFIOs    |     MMCM     |      PLL     |      GT      |      PCI     |    ILOGIC    |    OLOGIC    |       FF      |     LUTM     |    RAMB18    |    RAMB36    |    DSP48E2   |
+-------------------+------+-------+------+-------+------+-------+------+-------+------+-------+------+-------+------+-------+------+-------+------+-------+------+-------+-------+-------+------+-------+------+-------+------+-------+------+-------+
| Clock Region Name | Used | Avail | Used | Avail | Used | Avail | Used | Avail | Used | Avail | Used | Avail | Used | Avail | Used | Avail | Used | Avail | Used | Avail | Used  | Avail | Used | Avail | Used | Avail | Used | Avail | Used | Avail |
+-------------------+------+-------+------+-------+------+-------+------+-------+------+-------+------+-------+------+-------+------+-------+------+-------+------+-------+-------+-------+------+-------+------+-------+------+-------+------+-------+
| X0Y0              |    3 |    12 |    0 |     4 |    0 |     2 |    0 |     4 |    0 |     1 |    0 |     1 |    4 |     4 |    0 |     0 |    0 |    50 |    0 |    50 |    59 |  5300 |   33 |  1850 |    0 |   140 |   14 |    70 |    0 |   140 |
| X1Y0              |    3 |    12 |    0 |     4 |    0 |     2 |    0 |     4 |    0 |     1 |    0 |     1 |    4 |     4 |    0 |     0 |    0 |    50 |    0 |    50 |  2867 |  5800 | 1376 |  2550 |    1 |   160 |   50 |    80 |    0 |   220 |
| X0Y1              |    3 |    12 |    0 |     4 |    0 |     2 |    0 |     4 |    0 |     1 |    0 |     1 |    4 |     4 |    0 |     0 |    0 |    50 |    0 |    50 |  1917 |  5300 |  682 |  1850 |    0 |   140 |    9 |    70 |    0 |   140 |
| X1Y1              |    3 |    12 |    0 |     4 |    0 |     2 |    0 |     4 |    0 |     1 |    0 |     1 |    4 |     4 |    0 |     0 |    0 |    50 |    0 |    50 |  4799 |  5550 | 2036 |  2475 |    2 |   150 |   44 |    75 |    0 |   220 |
| X0Y2              |    3 |    12 |    0 |     4 |    0 |     2 |    0 |     4 |    0 |     1 |    0 |     1 |    4 |     4 |    0 |     0 |    0 |    50 |    0 |    50 |  2388 |  5300 |  882 |  1850 |    1 |   140 |    2 |    70 |    0 |   140 |
| X1Y2              |    5 |    12 |    0 |     4 |    0 |     2 |    0 |     4 |    1 |     1 |    0 |     1 |    4 |     4 |    0 |     1 |    0 |    50 |    0 |    50 |  2090 |  5550 |  969 |  2475 |    2 |   150 |   55 |    75 |    0 |   220 |
| X0Y3              |    4 |    12 |    0 |     4 |    0 |     2 |    0 |     4 |    0 |     1 |    0 |     1 |    4 |     4 |    0 |     0 |    0 |    50 |    0 |    50 |  1456 |  5300 |  572 |  1850 |    0 |   140 |   21 |    70 |    0 |   140 |
| X1Y3              |    3 |    12 |    0 |     4 |    0 |     2 |    0 |     4 |    0 |     1 |    0 |     1 |    4 |     4 |    0 |     0 |    0 |    50 |    0 |    50 |  5319 |  5800 | 2574 |  2550 |    1 |   160 |   56 |    80 |    0 |   220 |
| X0Y4              |    4 |    12 |    0 |     4 |    0 |     2 |    0 |     4 |    0 |     1 |    0 |     1 |    0 |     4 |    0 |     0 |    0 |    50 |    0 |    50 |    81 |  4700 |   41 |  1850 |    0 |   140 |   68 |    70 |    0 |   140 |
| X1Y4              |    3 |    12 |    0 |     4 |    0 |     2 |    0 |     4 |    0 |     1 |    0 |     1 |    0 |     4 |    0 |     0 |    0 |    50 |    0 |    50 |   543 |  5550 |  340 |  2475 |    2 |   150 |   30 |    75 |    0 |   220 |
| X0Y5              |    3 |    12 |    0 |     4 |    0 |     2 |    0 |     4 |    0 |     1 |    0 |     1 |    0 |     4 |    0 |     0 |    0 |    50 |    5 |    50 |  3052 |  4700 | 1344 |  1850 |    0 |   140 |   65 |    70 |    0 |   140 |
| X1Y5              |    4 |    12 |    0 |     4 |    0 |     2 |    0 |     4 |    0 |     1 |    0 |     1 |    0 |     4 |    0 |     1 |    0 |    50 |    0 |    50 |  7533 |  5550 | 3765 |  2475 |    3 |   150 |   57 |    75 |    0 |   220 |
| X0Y6              |    4 |    12 |    0 |     4 |    0 |     2 |    0 |     4 |    0 |     1 |    0 |     1 |    4 |     4 |    0 |     0 |    0 |    50 |    0 |    50 |  4799 |  5300 | 1728 |  1850 |    0 |   140 |   70 |    70 |    0 |   140 |
| X1Y6              |    6 |    12 |    0 |     4 |    0 |     2 |    0 |     4 |    1 |     1 |    0 |     1 |    4 |     4 |    0 |     0 |    0 |    50 |    0 |    50 | 10197 |  5800 | 4706 |  2550 |    1 |   160 |   54 |    80 |    0 |   220 |
| X0Y7              |    3 |    12 |    0 |     4 |    0 |     2 |    0 |     4 |    0 |     1 |    0 |     1 |    4 |     4 |    0 |     0 |    0 |    50 |    0 |    50 |  3282 |  5300 | 1210 |  1850 |    0 |   140 |   70 |    70 |    0 |   140 |
| X1Y7              |    4 |    12 |    0 |     4 |    0 |     2 |    0 |     4 |    0 |     1 |    0 |     1 |    4 |     4 |    0 |     0 |    0 |    50 |    0 |    50 |  1917 |  5550 |  836 |  2475 |    2 |   150 |   49 |    75 |    0 |   220 |
| X0Y8              |    3 |    12 |    0 |     4 |    0 |     2 |    0 |     4 |    0 |     1 |    0 |     1 |    4 |     4 |    0 |     0 |    0 |    50 |    0 |    50 |  2535 |  5300 |  854 |  1850 |    0 |   140 |   51 |    70 |    0 |   140 |
| X1Y8              |    3 |    12 |    0 |     4 |    0 |     2 |    0 |     4 |    0 |     1 |    0 |     1 |    4 |     4 |    0 |     1 |    0 |    50 |    0 |    50 |  5644 |  5550 | 2549 |  2475 |    1 |   150 |   63 |    75 |    0 |   220 |
| X0Y9              |    3 |    12 |    0 |     4 |    0 |     2 |    0 |     4 |    0 |     1 |    0 |     1 |    4 |     4 |    0 |     0 |    0 |    50 |    0 |    50 |  1071 |  5300 |  434 |  1850 |    0 |   140 |    2 |    70 |    0 |   140 |
| X1Y9              |    2 |    12 |    0 |     4 |    0 |     2 |    0 |     4 |    0 |     1 |    0 |     1 |    4 |     4 |    0 |     0 |    0 |    50 |    0 |    50 |  1251 |  5800 |  519 |  2550 |    0 |   160 |   15 |    80 |    0 |   220 |
+-------------------+------+-------+------+-------+------+-------+------+-------+------+-------+------+-------+------+-------+------+-------+------+-------+------+-------+-------+-------+------+-------+------+-------+------+-------+------+-------+
* Global Clock column represents track count; while other columns represents cell counts


5. Clock Regions : Global Clock Summary
---------------------------------------

All Modules
+----+----+----+
|    | X0 | X1 |
+----+----+----+
| Y9 |  3 |  2 |
| Y8 |  3 |  3 |
| Y7 |  3 |  4 |
| Y6 |  4 |  6 |
| Y5 |  3 |  4 |
| Y4 |  4 |  3 |
| Y3 |  4 |  3 |
| Y2 |  3 |  5 |
| Y1 |  3 |  3 |
| Y0 |  3 |  3 |
+----+----+----+


6. Device Cell Placement Summary for Global Clock g0
----------------------------------------------------

+-----------+-----------------+-------------------+-------------+-------------+---------------+-------------+----------+----------------+----------+--------------------------+
| Global Id | Driver Type/Pin | Driver Region (D) | Clock       | Period (ns) | Waveform (ns) | Slice Loads | IO Loads | Clocking Loads | GT Loads | Net                      |
+-----------+-----------------+-------------------+-------------+-------------+---------------+-------------+----------+----------------+----------+--------------------------+
| g0        | BUFG/O          | n/a               | fpga_clk2_p |       8.000 | {0.000 4.000} |       26708 |        0 |              0 |       32 | int_dac_top/dac_glbl_clk |
+-----------+-----------------+-------------------+-------------+-------------+---------------+-------------+----------+----------------+----------+--------------------------+
* Logic Loads column represents load cell count of all cell types other than IO, GT and clock resources
** IO Loads column represents load cell count of IO types
*** Clocking Loads column represents load cell count that are clock resources (global clock buffer, MMCM, PLL, etc)
**** GT Loads column represents load cell count of GT types


+----+-----+-------+
|    | X0  | X1    |
+----+-----+-------+
| Y9 |   0 |   594 |
| Y8 |   0 |  4960 |
| Y7 |   0 |  1282 |
| Y6 |  47 |  4656 |
| Y5 |   0 |  2115 |
| Y4 |   6 |   548 |
| Y3 |   3 |  4805 |
| Y2 |   4 |  1338 |
| Y1 |  11 |  4347 |
| Y0 |  16 |  2008 |
+----+-----+-------+


7. Device Cell Placement Summary for Global Clock g1
----------------------------------------------------

+-----------+-----------------+-------------------+--------------------+-------------+---------------+-------------+----------+----------------+----------+--------------------------------------------+
| Global Id | Driver Type/Pin | Driver Region (D) | Clock              | Period (ns) | Waveform (ns) | Slice Loads | IO Loads | Clocking Loads | GT Loads | Net                                        |
+-----------+-----------------+-------------------+--------------------+-------------+---------------+-------------+----------+----------------+----------+--------------------------------------------+
| g1        | BUFG/O          | n/a               | clk_out2_clk_wiz_0 |      10.000 | {0.000 5.000} |       17595 |        0 |              0 |        0 | u_clock_module/da_clk_moudle/inst/clk_out2 |
+-----------+-----------------+-------------------+--------------------+-------------+---------------+-------------+----------+----------------+----------+--------------------------------------------+
* Logic Loads column represents load cell count of all cell types other than IO, GT and clock resources
** IO Loads column represents load cell count of IO types
*** Clocking Loads column represents load cell count that are clock resources (global clock buffer, MMCM, PLL, etc)
**** GT Loads column represents load cell count of GT types


+----+-------+-------+
|    | X0    | X1    |
+----+-------+-------+
| Y9 |     2 |     0 |
| Y8 |   114 |   238 |
| Y7 |   985 |   150 |
| Y6 |  2489 |  4213 |
| Y5 |  2973 |  5708 |
| Y4 |    91 |    63 |
| Y3 |    18 |   233 |
| Y2 |     0 |    51 |
| Y1 |     0 |     5 |
| Y0 |     0 |   262 |
+----+-------+-------+


8. Device Cell Placement Summary for Global Clock g2
----------------------------------------------------

+-----------+-----------------+-------------------+-----------------+-------------+---------------+-------------+----------+----------------+----------+------------------------------------------------------+
| Global Id | Driver Type/Pin | Driver Region (D) | Clock           | Period (ns) | Waveform (ns) | Slice Loads | IO Loads | Clocking Loads | GT Loads | Net                                                  |
+-----------+-----------------+-------------------+-----------------+-------------+---------------+-------------+----------+----------------+----------+------------------------------------------------------+
| g2        | BUFG/O          | n/a               | clk_out1_gt_clk |       4.000 | {0.000 2.000} |       12182 |        0 |              0 |       32 | u2_adc_top/i_shared_clocks/u_gtglb_clk/inst/clk_out1 |
+-----------+-----------------+-------------------+-----------------+-------------+---------------+-------------+----------+----------------+----------+------------------------------------------------------+
* Logic Loads column represents load cell count of all cell types other than IO, GT and clock resources
** IO Loads column represents load cell count of IO types
*** Clocking Loads column represents load cell count that are clock resources (global clock buffer, MMCM, PLL, etc)
**** GT Loads column represents load cell count of GT types


+----+-------+------+
|    | X0    | X1   |
+----+-------+------+
| Y9 |   608 |    0 |
| Y8 |  2333 |    0 |
| Y7 |  2486 |    5 |
| Y6 |  1967 |  142 |
| Y5 |    91 |   35 |
| Y4 |    45 |    0 |
| Y3 |  1351 |    0 |
| Y2 |  1767 |    0 |
| Y1 |  1349 |    0 |
| Y0 |    35 |    0 |
+----+-------+------+


9. Device Cell Placement Summary for Global Clock g3
----------------------------------------------------

+-----------+-----------------+-------------------+--------------------+-------------+---------------+-------------+----------+----------------+----------+--------------------------------------------+
| Global Id | Driver Type/Pin | Driver Region (D) | Clock              | Period (ns) | Waveform (ns) | Slice Loads | IO Loads | Clocking Loads | GT Loads | Net                                        |
+-----------+-----------------+-------------------+--------------------+-------------+---------------+-------------+----------+----------------+----------+--------------------------------------------+
| g3        | BUFG/O          | n/a               | clk_out1_clk_wiz_0 |      10.000 | {0.000 5.000} |        8873 |        0 |              0 |       64 | u_clock_module/da_clk_moudle/inst/clk_out1 |
+-----------+-----------------+-------------------+--------------------+-------------+---------------+-------------+----------+----------------+----------+--------------------------------------------+
* Logic Loads column represents load cell count of all cell types other than IO, GT and clock resources
** IO Loads column represents load cell count of IO types
*** Clocking Loads column represents load cell count that are clock resources (global clock buffer, MMCM, PLL, etc)
**** GT Loads column represents load cell count of GT types


+----+------+-------+
|    | X0   | X1    |
+----+------+-------+
| Y9 |  473 |   687 |
| Y8 |  198 |   816 |
| Y7 |  121 |   629 |
| Y6 |  558 |  1088 |
| Y5 |    0 |     0 |
| Y4 |    7 |     4 |
| Y3 |  113 |   674 |
| Y2 |  629 |   829 |
| Y1 |  576 |   650 |
| Y0 |   32 |   853 |
+----+------+-------+


10. Device Cell Placement Summary for Global Clock g4
-----------------------------------------------------

+-----------+-----------------+-------------------+--------------------------------------------------------------------------------------------+-------------+----------------+-------------+----------+----------------+----------+----------------------------------------+
| Global Id | Driver Type/Pin | Driver Region (D) | Clock                                                                                      | Period (ns) | Waveform (ns)  | Slice Loads | IO Loads | Clocking Loads | GT Loads | Net                                    |
+-----------+-----------------+-------------------+--------------------------------------------------------------------------------------------+-------------+----------------+-------------+----------+----------------+----------+----------------------------------------+
| g4        | BUFG/O          | n/a               | dbg_hub/inst/BSCANID.u_xsdbm_id/SWITCH_N_EXT_BSCAN.bscan_inst/SERIES7_BSCAN.bscan_inst/TCK |      33.000 | {0.000 16.500} |         486 |        0 |              0 |        0 | dbg_hub/inst/BSCANID.u_xsdbm_id/itck_i |
+-----------+-----------------+-------------------+--------------------------------------------------------------------------------------------+-------------+----------------+-------------+----------+----------------+----------+----------------------------------------+
* Logic Loads column represents load cell count of all cell types other than IO, GT and clock resources
** IO Loads column represents load cell count of IO types
*** Clocking Loads column represents load cell count that are clock resources (global clock buffer, MMCM, PLL, etc)
**** GT Loads column represents load cell count of GT types


+----+----+------+
|    | X0 | X1   |
+----+----+------+
| Y9 |  0 |    0 |
| Y8 |  0 |    0 |
| Y7 |  0 |    0 |
| Y6 |  0 |  486 |
| Y5 |  0 |    0 |
| Y4 |  0 |    0 |
| Y3 |  0 |    0 |
| Y2 |  0 |    0 |
| Y1 |  0 |    0 |
| Y0 |  0 |    0 |
+----+----+------+


11. Device Cell Placement Summary for Global Clock g5
-----------------------------------------------------

+-----------+-----------------+-------------------+--------------------------------------------------------------------+-------------+----------------+-------------+----------+----------------+----------+-------------------------------------------------------------------------+
| Global Id | Driver Type/Pin | Driver Region (D) | Clock                                                              | Period (ns) | Waveform (ns)  | Slice Loads | IO Loads | Clocking Loads | GT Loads | Net                                                                     |
+-----------+-----------------+-------------------+--------------------------------------------------------------------+-------------+----------------+-------------+----------+----------------+----------+-------------------------------------------------------------------------+
| g5        | BUFG/O          | n/a               | u1_ADC_wrapper/ADC_i/mdm_1/U0/Use_E2.BSCAN_I/Use_E2.BSCANE2_I/DRCK |      33.333 | {0.000 16.667} |         232 |        0 |              0 |        0 | u1_ADC_wrapper/ADC_i/mdm_1/U0/No_Dbg_Reg_Access.BUFG_DRCK/Ext_JTAG_DRCK |
+-----------+-----------------+-------------------+--------------------------------------------------------------------+-------------+----------------+-------------+----------+----------------+----------+-------------------------------------------------------------------------+
* Logic Loads column represents load cell count of all cell types other than IO, GT and clock resources
** IO Loads column represents load cell count of IO types
*** Clocking Loads column represents load cell count that are clock resources (global clock buffer, MMCM, PLL, etc)
**** GT Loads column represents load cell count of GT types


+----+------+-----+
|    | X0   | X1  |
+----+------+-----+
| Y9 |    0 |   0 |
| Y8 |    0 |   0 |
| Y7 |    0 |   0 |
| Y6 |    0 |   0 |
| Y5 |  187 |  45 |
| Y4 |    0 |   0 |
| Y3 |    0 |   0 |
| Y2 |    0 |   0 |
| Y1 |    0 |   0 |
| Y0 |    0 |   0 |
+----+------+-----+


12. Device Cell Placement Summary for Global Clock g6
-----------------------------------------------------

+-----------+-----------------+-------------------+-----------------+-------------+---------------+-------------+----------+----------------+----------+-----------------------------------------------------------------+
| Global Id | Driver Type/Pin | Driver Region (D) | Clock           | Period (ns) | Waveform (ns) | Slice Loads | IO Loads | Clocking Loads | GT Loads | Net                                                             |
+-----------+-----------------+-------------------+-----------------+-------------+---------------+-------------+----------+----------------+----------+-----------------------------------------------------------------+
| g6        | BUFG/O          | n/a               | clkfbout_gt_clk |       8.000 | {0.000 4.000} |           0 |        0 |              1 |        0 | u2_adc_top/i_shared_clocks/u_gtglb_clk/inst/clkfbout_buf_gt_clk |
+-----------+-----------------+-------------------+-----------------+-------------+---------------+-------------+----------+----------------+----------+-----------------------------------------------------------------+
* Logic Loads column represents load cell count of all cell types other than IO, GT and clock resources
** IO Loads column represents load cell count of IO types
*** Clocking Loads column represents load cell count that are clock resources (global clock buffer, MMCM, PLL, etc)
**** GT Loads column represents load cell count of GT types


+----+----+----+
|    | X0 | X1 |
+----+----+----+
| Y9 |  0 |  0 |
| Y8 |  0 |  0 |
| Y7 |  0 |  0 |
| Y6 |  0 |  1 |
| Y5 |  0 |  0 |
| Y4 |  0 |  0 |
| Y3 |  0 |  0 |
| Y2 |  0 |  0 |
| Y1 |  0 |  0 |
| Y0 |  0 |  0 |
+----+----+----+


13. Device Cell Placement Summary for Global Clock g7
-----------------------------------------------------

+-----------+-----------------+-------------------+-----------------+-------------+---------------+-------------+----------+----------------+----------+-------------------------------------+
| Global Id | Driver Type/Pin | Driver Region (D) | Clock           | Period (ns) | Waveform (ns) | Slice Loads | IO Loads | Clocking Loads | GT Loads | Net                                 |
+-----------+-----------------+-------------------+-----------------+-------------+---------------+-------------+----------+----------------+----------+-------------------------------------+
| g7        | BUFG/O          | n/a               | fpga_clk_100m_p |      10.000 | {0.000 5.000} |           0 |        0 |              1 |        0 | u_clock_module/BUFG_sysclk_inst_n_0 |
+-----------+-----------------+-------------------+-----------------+-------------+---------------+-------------+----------+----------------+----------+-------------------------------------+
* Logic Loads column represents load cell count of all cell types other than IO, GT and clock resources
** IO Loads column represents load cell count of IO types
*** Clocking Loads column represents load cell count that are clock resources (global clock buffer, MMCM, PLL, etc)
**** GT Loads column represents load cell count of GT types


+----+----+----+
|    | X0 | X1 |
+----+----+----+
| Y9 |  0 |  0 |
| Y8 |  0 |  0 |
| Y7 |  0 |  0 |
| Y6 |  0 |  0 |
| Y5 |  0 |  0 |
| Y4 |  0 |  0 |
| Y3 |  0 |  0 |
| Y2 |  0 |  1 |
| Y1 |  0 |  0 |
| Y0 |  0 |  0 |
+----+----+----+


14. Device Cell Placement Summary for Global Clock g8
-----------------------------------------------------

+-----------+-----------------+-------------------+--------------------+-------------+---------------+-------------+----------+----------------+----------+----------------------------------------------------------+
| Global Id | Driver Type/Pin | Driver Region (D) | Clock              | Period (ns) | Waveform (ns) | Slice Loads | IO Loads | Clocking Loads | GT Loads | Net                                                      |
+-----------+-----------------+-------------------+--------------------+-------------+---------------+-------------+----------+----------------+----------+----------------------------------------------------------+
| g8        | BUFG/O          | n/a               | clkfbout_clk_wiz_0 |      10.000 | {0.000 5.000} |           0 |        0 |              1 |        0 | u_clock_module/da_clk_moudle/inst/clkfbout_buf_clk_wiz_0 |
+-----------+-----------------+-------------------+--------------------+-------------+---------------+-------------+----------+----------------+----------+----------------------------------------------------------+
* Logic Loads column represents load cell count of all cell types other than IO, GT and clock resources
** IO Loads column represents load cell count of IO types
*** Clocking Loads column represents load cell count that are clock resources (global clock buffer, MMCM, PLL, etc)
**** GT Loads column represents load cell count of GT types


+----+----+----+
|    | X0 | X1 |
+----+----+----+
| Y9 |  0 |  0 |
| Y8 |  0 |  0 |
| Y7 |  0 |  0 |
| Y6 |  0 |  0 |
| Y5 |  0 |  0 |
| Y4 |  0 |  0 |
| Y3 |  0 |  0 |
| Y2 |  0 |  1 |
| Y1 |  0 |  0 |
| Y0 |  0 |  0 |
+----+----+----+


15. Clock Region Cell Placement per Global Clock: Region X0Y0
-------------------------------------------------------------

+-----------+-------+-----------------+------------+-------------+-----------------+----+--------+------+-----+----+------+-----+---------+------------------------------------------------------+
| Global Id | Track | Driver Type/Pin | Constraint | Clock Loads | Non-Clock Loads | FF | LUTRAM | RAMB | DSP | GT | MMCM | PLL | Hard IP | Net                                                  |
+-----------+-------+-----------------+------------+-------------+-----------------+----+--------+------+-----+----+------+-----+---------+------------------------------------------------------+
| g0        | n/a   | BUFG/O          | None       |          16 |               0 |  0 |      0 |   14 |   0 |  0 |    0 |   0 |       0 | int_dac_top/dac_glbl_clk                             |
| g2        | n/a   | BUFG/O          | None       |          35 |               0 | 31 |      0 |    0 |   0 |  4 |    0 |   0 |       0 | u2_adc_top/i_shared_clocks/u_gtglb_clk/inst/clk_out1 |
| g3        | n/a   | BUFG/O          | None       |          32 |               0 | 28 |      0 |    0 |   0 |  4 |    0 |   0 |       0 | u_clock_module/da_clk_moudle/inst/clk_out1           |
+-----------+-------+-----------------+------------+-------------+-----------------+----+--------+------+-----+----+------+-----+---------+------------------------------------------------------+
* Clock Loads column represents the clock pin loads (pin count)
** Non-Clock Loads column represents the non-clock pin loads (pin count)
*** Columns FF, LUTRAM, RAMB through 'Hard IP' represents load cell counts


16. Clock Region Cell Placement per Global Clock: Region X1Y0
-------------------------------------------------------------

+-----------+-------+-----------------+------------+-------------+-----------------+------+--------+------+-----+----+------+-----+---------+--------------------------------------------+
| Global Id | Track | Driver Type/Pin | Constraint | Clock Loads | Non-Clock Loads | FF   | LUTRAM | RAMB | DSP | GT | MMCM | PLL | Hard IP | Net                                        |
+-----------+-------+-----------------+------------+-------------+-----------------+------+--------+------+-----+----+------+-----+---------+--------------------------------------------+
| g0        | n/a   | BUFG/O          | None       |        2008 |               0 | 1764 |    183 |   51 |   0 |  4 |    0 |   0 |       0 | int_dac_top/dac_glbl_clk                   |
| g1        | n/a   | BUFG/O          | None       |         262 |               0 |  254 |      2 |    5 |   0 |  0 |    0 |   0 |       0 | u_clock_module/da_clk_moudle/inst/clk_out2 |
| g3        | n/a   | BUFG/O          | None       |         853 |               0 |  849 |      0 |    0 |   0 |  4 |    0 |   0 |       0 | u_clock_module/da_clk_moudle/inst/clk_out1 |
+-----------+-------+-----------------+------------+-------------+-----------------+------+--------+------+-----+----+------+-----+---------+--------------------------------------------+
* Clock Loads column represents the clock pin loads (pin count)
** Non-Clock Loads column represents the non-clock pin loads (pin count)
*** Columns FF, LUTRAM, RAMB through 'Hard IP' represents load cell counts


17. Clock Region Cell Placement per Global Clock: Region X0Y1
-------------------------------------------------------------

+-----------+-------+-----------------+------------+-------------+-----------------+------+--------+------+-----+----+------+-----+---------+------------------------------------------------------+
| Global Id | Track | Driver Type/Pin | Constraint | Clock Loads | Non-Clock Loads | FF   | LUTRAM | RAMB | DSP | GT | MMCM | PLL | Hard IP | Net                                                  |
+-----------+-------+-----------------+------------+-------------+-----------------+------+--------+------+-----+----+------+-----+---------+------------------------------------------------------+
| g0        | n/a   | BUFG/O          | None       |          11 |               0 |    0 |      0 |    9 |   0 |  0 |    0 |   0 |       0 | int_dac_top/dac_glbl_clk                             |
| g2        | n/a   | BUFG/O          | None       |        1349 |               0 | 1345 |      0 |    0 |   0 |  4 |    0 |   0 |       0 | u2_adc_top/i_shared_clocks/u_gtglb_clk/inst/clk_out1 |
| g3        | n/a   | BUFG/O          | None       |         576 |               0 |  572 |      0 |    0 |   0 |  4 |    0 |   0 |       0 | u_clock_module/da_clk_moudle/inst/clk_out1           |
+-----------+-------+-----------------+------------+-------------+-----------------+------+--------+------+-----+----+------+-----+---------+------------------------------------------------------+
* Clock Loads column represents the clock pin loads (pin count)
** Non-Clock Loads column represents the non-clock pin loads (pin count)
*** Columns FF, LUTRAM, RAMB through 'Hard IP' represents load cell counts


18. Clock Region Cell Placement per Global Clock: Region X1Y1
-------------------------------------------------------------

+-----------+-------+-----------------+------------+-------------+-----------------+------+--------+------+-----+----+------+-----+---------+--------------------------------------------+
| Global Id | Track | Driver Type/Pin | Constraint | Clock Loads | Non-Clock Loads | FF   | LUTRAM | RAMB | DSP | GT | MMCM | PLL | Hard IP | Net                                        |
+-----------+-------+-----------------+------------+-------------+-----------------+------+--------+------+-----+----+------+-----+---------+--------------------------------------------+
| g0        | n/a   | BUFG/O          | None       |        4347 |               0 | 4151 |    142 |   46 |   0 |  4 |    0 |   0 |       0 | int_dac_top/dac_glbl_clk                   |
| g1        | n/a   | BUFG/O          | None       |           5 |               0 |    2 |      1 |    2 |   0 |  0 |    0 |   0 |       0 | u_clock_module/da_clk_moudle/inst/clk_out2 |
| g3        | n/a   | BUFG/O          | None       |         650 |               0 |  646 |      0 |    0 |   0 |  4 |    0 |   0 |       0 | u_clock_module/da_clk_moudle/inst/clk_out1 |
+-----------+-------+-----------------+------------+-------------+-----------------+------+--------+------+-----+----+------+-----+---------+--------------------------------------------+
* Clock Loads column represents the clock pin loads (pin count)
** Non-Clock Loads column represents the non-clock pin loads (pin count)
*** Columns FF, LUTRAM, RAMB through 'Hard IP' represents load cell counts


19. Clock Region Cell Placement per Global Clock: Region X0Y2
-------------------------------------------------------------

+-----------+-------+-----------------+------------+-------------+-----------------+------+--------+------+-----+----+------+-----+---------+------------------------------------------------------+
| Global Id | Track | Driver Type/Pin | Constraint | Clock Loads | Non-Clock Loads | FF   | LUTRAM | RAMB | DSP | GT | MMCM | PLL | Hard IP | Net                                                  |
+-----------+-------+-----------------+------------+-------------+-----------------+------+--------+------+-----+----+------+-----+---------+------------------------------------------------------+
| g0        | n/a   | BUFG/O          | None       |           4 |               0 |    0 |      0 |    3 |   0 |  0 |    0 |   0 |       0 | int_dac_top/dac_glbl_clk                             |
| g2        | n/a   | BUFG/O          | None       |        1767 |               0 | 1763 |      0 |    0 |   0 |  4 |    0 |   0 |       0 | u2_adc_top/i_shared_clocks/u_gtglb_clk/inst/clk_out1 |
| g3        | n/a   | BUFG/O          | None       |         629 |               0 |  625 |      0 |    0 |   0 |  4 |    0 |   0 |       0 | u_clock_module/da_clk_moudle/inst/clk_out1           |
+-----------+-------+-----------------+------------+-------------+-----------------+------+--------+------+-----+----+------+-----+---------+------------------------------------------------------+
* Clock Loads column represents the clock pin loads (pin count)
** Non-Clock Loads column represents the non-clock pin loads (pin count)
*** Columns FF, LUTRAM, RAMB through 'Hard IP' represents load cell counts


20. Clock Region Cell Placement per Global Clock: Region X1Y2
-------------------------------------------------------------

+-----------+-------+-----------------+------------+-------------+-----------------+------+--------+------+-----+----+------+-----+---------+----------------------------------------------------------+
| Global Id | Track | Driver Type/Pin | Constraint | Clock Loads | Non-Clock Loads | FF   | LUTRAM | RAMB | DSP | GT | MMCM | PLL | Hard IP | Net                                                      |
+-----------+-------+-----------------+------------+-------------+-----------------+------+--------+------+-----+----+------+-----+---------+----------------------------------------------------------+
| g0        | n/a   | BUFG/O          | None       |        1338 |               0 | 1217 |     54 |   57 |   0 |  4 |    0 |   0 |       0 | int_dac_top/dac_glbl_clk                                 |
| g1        | n/a   | BUFG/O          | None       |          51 |               0 |   48 |      1 |    2 |   0 |  0 |    0 |   0 |       0 | u_clock_module/da_clk_moudle/inst/clk_out2               |
| g3        | n/a   | BUFG/O          | None       |         829 |               0 |  825 |      0 |    0 |   0 |  4 |    0 |   0 |       0 | u_clock_module/da_clk_moudle/inst/clk_out1               |
| g7        | n/a   | BUFG/O          | None       |           1 |               0 |    0 |      0 |    0 |   0 |  0 |    1 |   0 |       0 | u_clock_module/BUFG_sysclk_inst_n_0                      |
| g8        | n/a   | BUFG/O          | None       |           1 |               0 |    0 |      0 |    0 |   0 |  0 |    1 |   0 |       0 | u_clock_module/da_clk_moudle/inst/clkfbout_buf_clk_wiz_0 |
+-----------+-------+-----------------+------------+-------------+-----------------+------+--------+------+-----+----+------+-----+---------+----------------------------------------------------------+
* Clock Loads column represents the clock pin loads (pin count)
** Non-Clock Loads column represents the non-clock pin loads (pin count)
*** Columns FF, LUTRAM, RAMB through 'Hard IP' represents load cell counts


21. Clock Region Cell Placement per Global Clock: Region X0Y3
-------------------------------------------------------------

+-----------+-------+-----------------+------------+-------------+-----------------+------+--------+------+-----+----+------+-----+---------+------------------------------------------------------+
| Global Id | Track | Driver Type/Pin | Constraint | Clock Loads | Non-Clock Loads | FF   | LUTRAM | RAMB | DSP | GT | MMCM | PLL | Hard IP | Net                                                  |
+-----------+-------+-----------------+------------+-------------+-----------------+------+--------+------+-----+----+------+-----+---------+------------------------------------------------------+
| g0        | n/a   | BUFG/O          | None       |           3 |               0 |    0 |      0 |    3 |   0 |  0 |    0 |   0 |       0 | int_dac_top/dac_glbl_clk                             |
| g1        | n/a   | BUFG/O          | None       |          18 |               0 |    0 |      0 |   18 |   0 |  0 |    0 |   0 |       0 | u_clock_module/da_clk_moudle/inst/clk_out2           |
| g2        | n/a   | BUFG/O          | None       |        1351 |               0 | 1347 |      0 |    0 |   0 |  4 |    0 |   0 |       0 | u2_adc_top/i_shared_clocks/u_gtglb_clk/inst/clk_out1 |
| g3        | n/a   | BUFG/O          | None       |         113 |               0 |  109 |      0 |    0 |   0 |  4 |    0 |   0 |       0 | u_clock_module/da_clk_moudle/inst/clk_out1           |
+-----------+-------+-----------------+------------+-------------+-----------------+------+--------+------+-----+----+------+-----+---------+------------------------------------------------------+
* Clock Loads column represents the clock pin loads (pin count)
** Non-Clock Loads column represents the non-clock pin loads (pin count)
*** Columns FF, LUTRAM, RAMB through 'Hard IP' represents load cell counts


22. Clock Region Cell Placement per Global Clock: Region X1Y3
-------------------------------------------------------------

+-----------+-------+-----------------+------------+-------------+-----------------+------+--------+------+-----+----+------+-----+---------+--------------------------------------------+
| Global Id | Track | Driver Type/Pin | Constraint | Clock Loads | Non-Clock Loads | FF   | LUTRAM | RAMB | DSP | GT | MMCM | PLL | Hard IP | Net                                        |
+-----------+-------+-----------------+------------+-------------+-----------------+------+--------+------+-----+----+------+-----+---------+--------------------------------------------+
| g0        | n/a   | BUFG/O          | None       |        4805 |               0 | 4423 |    317 |   57 |   0 |  4 |    0 |   0 |       0 | int_dac_top/dac_glbl_clk                   |
| g1        | n/a   | BUFG/O          | None       |         233 |               0 |  226 |      1 |    6 |   0 |  0 |    0 |   0 |       0 | u_clock_module/da_clk_moudle/inst/clk_out2 |
| g3        | n/a   | BUFG/O          | None       |         674 |               0 |  670 |      0 |    0 |   0 |  4 |    0 |   0 |       0 | u_clock_module/da_clk_moudle/inst/clk_out1 |
+-----------+-------+-----------------+------------+-------------+-----------------+------+--------+------+-----+----+------+-----+---------+--------------------------------------------+
* Clock Loads column represents the clock pin loads (pin count)
** Non-Clock Loads column represents the non-clock pin loads (pin count)
*** Columns FF, LUTRAM, RAMB through 'Hard IP' represents load cell counts


23. Clock Region Cell Placement per Global Clock: Region X0Y4
-------------------------------------------------------------

+-----------+-------+-----------------+------------+-------------+-----------------+----+--------+------+-----+----+------+-----+---------+------------------------------------------------------+
| Global Id | Track | Driver Type/Pin | Constraint | Clock Loads | Non-Clock Loads | FF | LUTRAM | RAMB | DSP | GT | MMCM | PLL | Hard IP | Net                                                  |
+-----------+-------+-----------------+------------+-------------+-----------------+----+--------+------+-----+----+------+-----+---------+------------------------------------------------------+
| g0        | n/a   | BUFG/O          | None       |           6 |               0 |  6 |      0 |    0 |   0 |  0 |    0 |   0 |       0 | int_dac_top/dac_glbl_clk                             |
| g1        | n/a   | BUFG/O          | None       |          91 |               0 | 23 |      0 |   68 |   0 |  0 |    0 |   0 |       0 | u_clock_module/da_clk_moudle/inst/clk_out2           |
| g2        | n/a   | BUFG/O          | None       |          45 |               0 | 45 |      0 |    0 |   0 |  0 |    0 |   0 |       0 | u2_adc_top/i_shared_clocks/u_gtglb_clk/inst/clk_out1 |
| g3        | n/a   | BUFG/O          | None       |           7 |               0 |  7 |      0 |    0 |   0 |  0 |    0 |   0 |       0 | u_clock_module/da_clk_moudle/inst/clk_out1           |
+-----------+-------+-----------------+------------+-------------+-----------------+----+--------+------+-----+----+------+-----+---------+------------------------------------------------------+
* Clock Loads column represents the clock pin loads (pin count)
** Non-Clock Loads column represents the non-clock pin loads (pin count)
*** Columns FF, LUTRAM, RAMB through 'Hard IP' represents load cell counts


24. Clock Region Cell Placement per Global Clock: Region X1Y4
-------------------------------------------------------------

+-----------+-------+-----------------+------------+-------------+-----------------+-----+--------+------+-----+----+------+-----+---------+--------------------------------------------+
| Global Id | Track | Driver Type/Pin | Constraint | Clock Loads | Non-Clock Loads | FF  | LUTRAM | RAMB | DSP | GT | MMCM | PLL | Hard IP | Net                                        |
+-----------+-------+-----------------+------------+-------------+-----------------+-----+--------+------+-----+----+------+-----+---------+--------------------------------------------+
| g0        | n/a   | BUFG/O          | None       |         548 |               0 | 480 |     34 |   30 |   0 |  0 |    0 |   0 |       0 | int_dac_top/dac_glbl_clk                   |
| g1        | n/a   | BUFG/O          | None       |          63 |               0 |  59 |      0 |    4 |   0 |  0 |    0 |   0 |       0 | u_clock_module/da_clk_moudle/inst/clk_out2 |
| g3        | n/a   | BUFG/O          | None       |           4 |               0 |   4 |      0 |    0 |   0 |  0 |    0 |   0 |       0 | u_clock_module/da_clk_moudle/inst/clk_out1 |
+-----------+-------+-----------------+------------+-------------+-----------------+-----+--------+------+-----+----+------+-----+---------+--------------------------------------------+
* Clock Loads column represents the clock pin loads (pin count)
** Non-Clock Loads column represents the non-clock pin loads (pin count)
*** Columns FF, LUTRAM, RAMB through 'Hard IP' represents load cell counts


25. Clock Region Cell Placement per Global Clock: Region X0Y5
-------------------------------------------------------------

+-----------+-------+-----------------+------------+-------------+-----------------+------+--------+------+-----+----+------+-----+---------+-------------------------------------------------------------------------+
| Global Id | Track | Driver Type/Pin | Constraint | Clock Loads | Non-Clock Loads | FF   | LUTRAM | RAMB | DSP | GT | MMCM | PLL | Hard IP | Net                                                                     |
+-----------+-------+-----------------+------------+-------------+-----------------+------+--------+------+-----+----+------+-----+---------+-------------------------------------------------------------------------+
| g1        | n/a   | BUFG/O          | None       |        2973 |               0 | 2832 |     75 |   65 |   0 |  0 |    0 |   0 |       0 | u_clock_module/da_clk_moudle/inst/clk_out2                              |
| g2        | n/a   | BUFG/O          | None       |          91 |               0 |   55 |      4 |   31 |   0 |  0 |    0 |   0 |       0 | u2_adc_top/i_shared_clocks/u_gtglb_clk/inst/clk_out1                    |
| g5        | n/a   | BUFG/O          | None       |         187 |               0 |  165 |     22 |    0 |   0 |  0 |    0 |   0 |       0 | u1_ADC_wrapper/ADC_i/mdm_1/U0/No_Dbg_Reg_Access.BUFG_DRCK/Ext_JTAG_DRCK |
+-----------+-------+-----------------+------------+-------------+-----------------+------+--------+------+-----+----+------+-----+---------+-------------------------------------------------------------------------+
* Clock Loads column represents the clock pin loads (pin count)
** Non-Clock Loads column represents the non-clock pin loads (pin count)
*** Columns FF, LUTRAM, RAMB through 'Hard IP' represents load cell counts


26. Clock Region Cell Placement per Global Clock: Region X1Y5
-------------------------------------------------------------

+-----------+-------+-----------------+------------+-------------+-----------------+------+--------+------+-----+----+------+-----+---------+-------------------------------------------------------------------------+
| Global Id | Track | Driver Type/Pin | Constraint | Clock Loads | Non-Clock Loads | FF   | LUTRAM | RAMB | DSP | GT | MMCM | PLL | Hard IP | Net                                                                     |
+-----------+-------+-----------------+------------+-------------+-----------------+------+--------+------+-----+----+------+-----+---------+-------------------------------------------------------------------------+
| g0        | n/a   | BUFG/O          | None       |        2115 |               0 | 1843 |    211 |   56 |   0 |  0 |    0 |   0 |       0 | int_dac_top/dac_glbl_clk                                                |
| g1        | n/a   | BUFG/O          | None       |        5708 |               0 | 5611 |     87 |   10 |   0 |  0 |    0 |   0 |       0 | u_clock_module/da_clk_moudle/inst/clk_out2                              |
| g2        | n/a   | BUFG/O          | None       |          35 |               0 |   34 |      0 |    1 |   0 |  0 |    0 |   0 |       0 | u2_adc_top/i_shared_clocks/u_gtglb_clk/inst/clk_out1                    |
| g5        | n/a   | BUFG/O          | None       |          45 |               0 |   45 |      0 |    0 |   0 |  0 |    0 |   0 |       0 | u1_ADC_wrapper/ADC_i/mdm_1/U0/No_Dbg_Reg_Access.BUFG_DRCK/Ext_JTAG_DRCK |
+-----------+-------+-----------------+------------+-------------+-----------------+------+--------+------+-----+----+------+-----+---------+-------------------------------------------------------------------------+
* Clock Loads column represents the clock pin loads (pin count)
** Non-Clock Loads column represents the non-clock pin loads (pin count)
*** Columns FF, LUTRAM, RAMB through 'Hard IP' represents load cell counts


27. Clock Region Cell Placement per Global Clock: Region X0Y6
-------------------------------------------------------------

+-----------+-------+-----------------+------------+-------------+-----------------+------+--------+------+-----+----+------+-----+---------+------------------------------------------------------+
| Global Id | Track | Driver Type/Pin | Constraint | Clock Loads | Non-Clock Loads | FF   | LUTRAM | RAMB | DSP | GT | MMCM | PLL | Hard IP | Net                                                  |
+-----------+-------+-----------------+------------+-------------+-----------------+------+--------+------+-----+----+------+-----+---------+------------------------------------------------------+
| g0        | n/a   | BUFG/O          | None       |          47 |               0 |   47 |      0 |    0 |   0 |  0 |    0 |   0 |       0 | int_dac_top/dac_glbl_clk                             |
| g1        | n/a   | BUFG/O          | None       |        2489 |               0 | 2422 |      1 |   66 |   0 |  0 |    0 |   0 |       0 | u_clock_module/da_clk_moudle/inst/clk_out2           |
| g2        | n/a   | BUFG/O          | None       |        1967 |               0 | 1776 |    120 |   67 |   0 |  4 |    0 |   0 |       0 | u2_adc_top/i_shared_clocks/u_gtglb_clk/inst/clk_out1 |
| g3        | n/a   | BUFG/O          | None       |         558 |               0 |  554 |      0 |    0 |   0 |  4 |    0 |   0 |       0 | u_clock_module/da_clk_moudle/inst/clk_out1           |
+-----------+-------+-----------------+------------+-------------+-----------------+------+--------+------+-----+----+------+-----+---------+------------------------------------------------------+
* Clock Loads column represents the clock pin loads (pin count)
** Non-Clock Loads column represents the non-clock pin loads (pin count)
*** Columns FF, LUTRAM, RAMB through 'Hard IP' represents load cell counts


28. Clock Region Cell Placement per Global Clock: Region X1Y6
-------------------------------------------------------------

+-----------+-------+-----------------+------------+-------------+-----------------+------+--------+------+-----+----+------+-----+---------+-----------------------------------------------------------------+
| Global Id | Track | Driver Type/Pin | Constraint | Clock Loads | Non-Clock Loads | FF   | LUTRAM | RAMB | DSP | GT | MMCM | PLL | Hard IP | Net                                                             |
+-----------+-------+-----------------+------------+-------------+-----------------+------+--------+------+-----+----+------+-----+---------+-----------------------------------------------------------------+
| g0        | n/a   | BUFG/O          | None       |        4656 |               0 | 4368 |    231 |   47 |   0 |  4 |    0 |   0 |       0 | int_dac_top/dac_glbl_clk                                        |
| g1        | n/a   | BUFG/O          | None       |        4213 |               0 | 4134 |     64 |   13 |   0 |  0 |    0 |   0 |       0 | u_clock_module/da_clk_moudle/inst/clk_out2                      |
| g2        | n/a   | BUFG/O          | None       |         142 |               0 |  134 |      0 |    8 |   0 |  0 |    0 |   0 |       0 | u2_adc_top/i_shared_clocks/u_gtglb_clk/inst/clk_out1            |
| g3        | n/a   | BUFG/O          | None       |        1088 |               0 | 1075 |      8 |    0 |   0 |  4 |    0 |   0 |       0 | u_clock_module/da_clk_moudle/inst/clk_out1                      |
| g4        | n/a   | BUFG/O          | None       |         486 |               0 |  486 |      0 |    0 |   0 |  0 |    0 |   0 |       0 | dbg_hub/inst/BSCANID.u_xsdbm_id/itck_i                          |
| g6        | n/a   | BUFG/O          | None       |           1 |               0 |    0 |      0 |    0 |   0 |  0 |    1 |   0 |       0 | u2_adc_top/i_shared_clocks/u_gtglb_clk/inst/clkfbout_buf_gt_clk |
+-----------+-------+-----------------+------------+-------------+-----------------+------+--------+------+-----+----+------+-----+---------+-----------------------------------------------------------------+
* Clock Loads column represents the clock pin loads (pin count)
** Non-Clock Loads column represents the non-clock pin loads (pin count)
*** Columns FF, LUTRAM, RAMB through 'Hard IP' represents load cell counts


29. Clock Region Cell Placement per Global Clock: Region X0Y7
-------------------------------------------------------------

+-----------+-------+-----------------+------------+-------------+-----------------+------+--------+------+-----+----+------+-----+---------+------------------------------------------------------+
| Global Id | Track | Driver Type/Pin | Constraint | Clock Loads | Non-Clock Loads | FF   | LUTRAM | RAMB | DSP | GT | MMCM | PLL | Hard IP | Net                                                  |
+-----------+-------+-----------------+------------+-------------+-----------------+------+--------+------+-----+----+------+-----+---------+------------------------------------------------------+
| g1        | n/a   | BUFG/O          | None       |         985 |               0 |  888 |     27 |   70 |   0 |  0 |    0 |   0 |       0 | u_clock_module/da_clk_moudle/inst/clk_out2           |
| g2        | n/a   | BUFG/O          | None       |        2486 |               0 | 2277 |    136 |   69 |   0 |  4 |    0 |   0 |       0 | u2_adc_top/i_shared_clocks/u_gtglb_clk/inst/clk_out1 |
| g3        | n/a   | BUFG/O          | None       |         121 |               0 |  117 |      0 |    0 |   0 |  4 |    0 |   0 |       0 | u_clock_module/da_clk_moudle/inst/clk_out1           |
+-----------+-------+-----------------+------------+-------------+-----------------+------+--------+------+-----+----+------+-----+---------+------------------------------------------------------+
* Clock Loads column represents the clock pin loads (pin count)
** Non-Clock Loads column represents the non-clock pin loads (pin count)
*** Columns FF, LUTRAM, RAMB through 'Hard IP' represents load cell counts


30. Clock Region Cell Placement per Global Clock: Region X1Y7
-------------------------------------------------------------

+-----------+-------+-----------------+------------+-------------+-----------------+------+--------+------+-----+----+------+-----+---------+------------------------------------------------------+
| Global Id | Track | Driver Type/Pin | Constraint | Clock Loads | Non-Clock Loads | FF   | LUTRAM | RAMB | DSP | GT | MMCM | PLL | Hard IP | Net                                                  |
+-----------+-------+-----------------+------------+-------------+-----------------+------+--------+------+-----+----+------+-----+---------+------------------------------------------------------+
| g0        | n/a   | BUFG/O          | None       |        1282 |               0 | 1151 |     76 |   46 |   0 |  4 |    0 |   0 |       0 | int_dac_top/dac_glbl_clk                             |
| g1        | n/a   | BUFG/O          | None       |         150 |               0 |  141 |      2 |    7 |   0 |  0 |    0 |   0 |       0 | u_clock_module/da_clk_moudle/inst/clk_out2           |
| g2        | n/a   | BUFG/O          | None       |           5 |               0 |    0 |      0 |    5 |   0 |  0 |    0 |   0 |       0 | u2_adc_top/i_shared_clocks/u_gtglb_clk/inst/clk_out1 |
| g3        | n/a   | BUFG/O          | None       |         629 |               0 |  625 |      0 |    0 |   0 |  4 |    0 |   0 |       0 | u_clock_module/da_clk_moudle/inst/clk_out1           |
+-----------+-------+-----------------+------------+-------------+-----------------+------+--------+------+-----+----+------+-----+---------+------------------------------------------------------+
* Clock Loads column represents the clock pin loads (pin count)
** Non-Clock Loads column represents the non-clock pin loads (pin count)
*** Columns FF, LUTRAM, RAMB through 'Hard IP' represents load cell counts


31. Clock Region Cell Placement per Global Clock: Region X0Y8
-------------------------------------------------------------

+-----------+-------+-----------------+------------+-------------+-----------------+------+--------+------+-----+----+------+-----+---------+------------------------------------------------------+
| Global Id | Track | Driver Type/Pin | Constraint | Clock Loads | Non-Clock Loads | FF   | LUTRAM | RAMB | DSP | GT | MMCM | PLL | Hard IP | Net                                                  |
+-----------+-------+-----------------+------------+-------------+-----------------+------+--------+------+-----+----+------+-----+---------+------------------------------------------------------+
| g1        | n/a   | BUFG/O          | None       |         114 |               0 |   63 |      0 |   51 |   0 |  0 |    0 |   0 |       0 | u_clock_module/da_clk_moudle/inst/clk_out2           |
| g2        | n/a   | BUFG/O          | None       |        2333 |               0 | 2278 |      0 |   51 |   0 |  4 |    0 |   0 |       0 | u2_adc_top/i_shared_clocks/u_gtglb_clk/inst/clk_out1 |
| g3        | n/a   | BUFG/O          | None       |         198 |               0 |  194 |      0 |    0 |   0 |  4 |    0 |   0 |       0 | u_clock_module/da_clk_moudle/inst/clk_out1           |
+-----------+-------+-----------------+------------+-------------+-----------------+------+--------+------+-----+----+------+-----+---------+------------------------------------------------------+
* Clock Loads column represents the clock pin loads (pin count)
** Non-Clock Loads column represents the non-clock pin loads (pin count)
*** Columns FF, LUTRAM, RAMB through 'Hard IP' represents load cell counts


32. Clock Region Cell Placement per Global Clock: Region X1Y8
-------------------------------------------------------------

+-----------+-------+-----------------+------------+-------------+-----------------+------+--------+------+-----+----+------+-----+---------+--------------------------------------------+
| Global Id | Track | Driver Type/Pin | Constraint | Clock Loads | Non-Clock Loads | FF   | LUTRAM | RAMB | DSP | GT | MMCM | PLL | Hard IP | Net                                        |
+-----------+-------+-----------------+------------+-------------+-----------------+------+--------+------+-----+----+------+-----+---------+--------------------------------------------+
| g0        | n/a   | BUFG/O          | None       |        4960 |               0 | 4602 |    286 |   64 |   0 |  4 |    0 |   0 |       0 | int_dac_top/dac_glbl_clk                   |
| g1        | n/a   | BUFG/O          | None       |         238 |               0 |  230 |      1 |    7 |   0 |  0 |    0 |   0 |       0 | u_clock_module/da_clk_moudle/inst/clk_out2 |
| g3        | n/a   | BUFG/O          | None       |         816 |               0 |  812 |      0 |    0 |   0 |  4 |    0 |   0 |       0 | u_clock_module/da_clk_moudle/inst/clk_out1 |
+-----------+-------+-----------------+------------+-------------+-----------------+------+--------+------+-----+----+------+-----+---------+--------------------------------------------+
* Clock Loads column represents the clock pin loads (pin count)
** Non-Clock Loads column represents the non-clock pin loads (pin count)
*** Columns FF, LUTRAM, RAMB through 'Hard IP' represents load cell counts


33. Clock Region Cell Placement per Global Clock: Region X0Y9
-------------------------------------------------------------

+-----------+-------+-----------------+------------+-------------+-----------------+-----+--------+------+-----+----+------+-----+---------+------------------------------------------------------+
| Global Id | Track | Driver Type/Pin | Constraint | Clock Loads | Non-Clock Loads | FF  | LUTRAM | RAMB | DSP | GT | MMCM | PLL | Hard IP | Net                                                  |
+-----------+-------+-----------------+------------+-------------+-----------------+-----+--------+------+-----+----+------+-----+---------+------------------------------------------------------+
| g1        | n/a   | BUFG/O          | None       |           2 |               0 |   0 |      0 |    2 |   0 |  0 |    0 |   0 |       0 | u_clock_module/da_clk_moudle/inst/clk_out2           |
| g2        | n/a   | BUFG/O          | None       |         608 |               0 | 602 |      0 |    2 |   0 |  4 |    0 |   0 |       0 | u2_adc_top/i_shared_clocks/u_gtglb_clk/inst/clk_out1 |
| g3        | n/a   | BUFG/O          | None       |         473 |               0 | 469 |      0 |    0 |   0 |  4 |    0 |   0 |       0 | u_clock_module/da_clk_moudle/inst/clk_out1           |
+-----------+-------+-----------------+------------+-------------+-----------------+-----+--------+------+-----+----+------+-----+---------+------------------------------------------------------+
* Clock Loads column represents the clock pin loads (pin count)
** Non-Clock Loads column represents the non-clock pin loads (pin count)
*** Columns FF, LUTRAM, RAMB through 'Hard IP' represents load cell counts


34. Clock Region Cell Placement per Global Clock: Region X1Y9
-------------------------------------------------------------

+-----------+-------+-----------------+------------+-------------+-----------------+-----+--------+------+-----+----+------+-----+---------+--------------------------------------------+
| Global Id | Track | Driver Type/Pin | Constraint | Clock Loads | Non-Clock Loads | FF  | LUTRAM | RAMB | DSP | GT | MMCM | PLL | Hard IP | Net                                        |
+-----------+-------+-----------------+------------+-------------+-----------------+-----+--------+------+-----+----+------+-----+---------+--------------------------------------------+
| g0        | n/a   | BUFG/O          | None       |         594 |               0 | 568 |      3 |   15 |   0 |  4 |    0 |   0 |       0 | int_dac_top/dac_glbl_clk                   |
| g3        | n/a   | BUFG/O          | None       |         687 |               0 | 683 |      0 |    0 |   0 |  4 |    0 |   0 |       0 | u_clock_module/da_clk_moudle/inst/clk_out1 |
+-----------+-------+-----------------+------------+-------------+-----------------+-----+--------+------+-----+----+------+-----+---------+--------------------------------------------+
* Clock Loads column represents the clock pin loads (pin count)
** Non-Clock Loads column represents the non-clock pin loads (pin count)
*** Columns FF, LUTRAM, RAMB through 'Hard IP' represents load cell counts



# Location of BUFG Primitives 
set_property LOC BUFGCTRL_X0Y5 [get_cells u_clock_module/da_clk_moudle/inst/clkf_buf]
set_property LOC BUFGCTRL_X0Y0 [get_cells u_clock_module/da_clk_moudle/inst/clkout2_buf]
set_property LOC BUFGCTRL_X0Y1 [get_cells u_clock_module/da_clk_moudle/inst/clkout1_buf]
set_property LOC BUFGCTRL_X0Y4 [get_cells u_clock_module/BUFG_sysclk_inst]
set_property LOC BUFGCTRL_X0Y18 [get_cells u2_adc_top/i_shared_clocks/u_gtglb_clk/inst/clkf_buf]
set_property LOC BUFGCTRL_X0Y17 [get_cells u2_adc_top/i_shared_clocks/u_gtglb_clk/inst/clkout1_buf]
set_property LOC BUFGCTRL_X0Y3 [get_cells u1_ADC_wrapper/ADC_i/mdm_1/U0/No_Dbg_Reg_Access.BUFG_DRCK/Using_FPGA.Native]
set_property LOC BUFGCTRL_X0Y16 [get_cells int_dac_top/glbl_bufg_i]
set_property LOC BUFGCTRL_X0Y2 [get_cells dbg_hub/inst/BSCANID.u_xsdbm_id/SWITCH_N_EXT_BSCAN.u_bufg_icon_tck]

# Location of IO Primitives which is load of clock spine

# Location of clock ports
set_property LOC IOB_X1Y323 [get_ports fpga_clk2_n]
set_property LOC IOB_X1Y324 [get_ports fpga_clk2_p]
set_property LOC IOB_X0Y225 [get_ports fpga_clk_100m_n]
set_property LOC IOB_X0Y226 [get_ports fpga_clk_100m_p]
set_property LOC IOB_X1Y325 [get_ports glblclk_n]
set_property LOC IOB_X1Y326 [get_ports glblclk_p]

# Clock net "u_clock_module/da_clk_moudle/inst/clk_out2" driven by instance "u_clock_module/da_clk_moudle/inst/clkout2_buf" located at site "BUFGCTRL_X0Y0"
#startgroup
create_pblock {CLKAG_u_clock_module/da_clk_moudle/inst/clk_out2}
add_cells_to_pblock [get_pblocks  {CLKAG_u_clock_module/da_clk_moudle/inst/clk_out2}] [get_cells -filter { PRIMITIVE_GROUP != I/O && IS_PRIMITIVE==1 && PRIMITIVE_LEVEL !=INTERNAL } -of_object [get_pins -filter {DIRECTION==IN} -of_objects [get_nets -hierarchical -filter {PARENT=="u_clock_module/da_clk_moudle/inst/clk_out2"}]]]
resize_pblock [get_pblocks {CLKAG_u_clock_module/da_clk_moudle/inst/clk_out2}] -add {CLOCKREGION_X0Y3:CLOCKREGION_X0Y3 CLOCKREGION_X0Y4:CLOCKREGION_X0Y4 CLOCKREGION_X0Y5:CLOCKREGION_X0Y5 CLOCKREGION_X0Y6:CLOCKREGION_X0Y6 CLOCKREGION_X0Y7:CLOCKREGION_X0Y7 CLOCKREGION_X0Y8:CLOCKREGION_X0Y8 CLOCKREGION_X0Y9:CLOCKREGION_X0Y9 CLOCKREGION_X1Y0:CLOCKREGION_X1Y0 CLOCKREGION_X1Y1:CLOCKREGION_X1Y1 CLOCKREGION_X1Y2:CLOCKREGION_X1Y2 CLOCKREGION_X1Y3:CLOCKREGION_X1Y3 CLOCKREGION_X1Y4:CLOCKREGION_X1Y4 CLOCKREGION_X1Y5:CLOCKREGION_X1Y5 CLOCKREGION_X1Y6:CLOCKREGION_X1Y6 CLOCKREGION_X1Y7:CLOCKREGION_X1Y7 CLOCKREGION_X1Y8:CLOCKREGION_X1Y8}
#endgroup

# Clock net "u_clock_module/da_clk_moudle/inst/clk_out1" driven by instance "u_clock_module/da_clk_moudle/inst/clkout1_buf" located at site "BUFGCTRL_X0Y1"
#startgroup
create_pblock {CLKAG_u_clock_module/da_clk_moudle/inst/clk_out1}
add_cells_to_pblock [get_pblocks  {CLKAG_u_clock_module/da_clk_moudle/inst/clk_out1}] [get_cells -filter { PRIMITIVE_GROUP != I/O && IS_PRIMITIVE==1 && PRIMITIVE_LEVEL !=INTERNAL } -of_object [get_pins -filter {DIRECTION==IN} -of_objects [get_nets -hierarchical -filter {PARENT=="u_clock_module/da_clk_moudle/inst/clk_out1"}]]]
resize_pblock [get_pblocks {CLKAG_u_clock_module/da_clk_moudle/inst/clk_out1}] -add {CLOCKREGION_X0Y0:CLOCKREGION_X0Y0 CLOCKREGION_X0Y1:CLOCKREGION_X0Y1 CLOCKREGION_X0Y2:CLOCKREGION_X0Y2 CLOCKREGION_X0Y3:CLOCKREGION_X0Y3 CLOCKREGION_X0Y4:CLOCKREGION_X0Y4 CLOCKREGION_X0Y6:CLOCKREGION_X0Y6 CLOCKREGION_X0Y7:CLOCKREGION_X0Y7 CLOCKREGION_X0Y8:CLOCKREGION_X0Y8 CLOCKREGION_X0Y9:CLOCKREGION_X0Y9 CLOCKREGION_X1Y0:CLOCKREGION_X1Y0 CLOCKREGION_X1Y1:CLOCKREGION_X1Y1 CLOCKREGION_X1Y2:CLOCKREGION_X1Y2 CLOCKREGION_X1Y3:CLOCKREGION_X1Y3 CLOCKREGION_X1Y4:CLOCKREGION_X1Y4 CLOCKREGION_X1Y6:CLOCKREGION_X1Y6 CLOCKREGION_X1Y7:CLOCKREGION_X1Y7 CLOCKREGION_X1Y8:CLOCKREGION_X1Y8 CLOCKREGION_X1Y9:CLOCKREGION_X1Y9}
#endgroup

# Clock net "u2_adc_top/i_shared_clocks/u_gtglb_clk/inst/clk_out1" driven by instance "u2_adc_top/i_shared_clocks/u_gtglb_clk/inst/clkout1_buf" located at site "BUFGCTRL_X0Y17"
#startgroup
create_pblock {CLKAG_u2_adc_top/i_shared_clocks/u_gtglb_clk/inst/clk_out1}
add_cells_to_pblock [get_pblocks  {CLKAG_u2_adc_top/i_shared_clocks/u_gtglb_clk/inst/clk_out1}] [get_cells -filter { PRIMITIVE_GROUP != I/O && IS_PRIMITIVE==1 && PRIMITIVE_LEVEL !=INTERNAL } -of_object [get_pins -filter {DIRECTION==IN} -of_objects [get_nets -hierarchical -filter {PARENT=="u2_adc_top/i_shared_clocks/u_gtglb_clk/inst/clk_out1"}]]]
resize_pblock [get_pblocks {CLKAG_u2_adc_top/i_shared_clocks/u_gtglb_clk/inst/clk_out1}] -add {CLOCKREGION_X0Y0:CLOCKREGION_X0Y0 CLOCKREGION_X0Y1:CLOCKREGION_X0Y1 CLOCKREGION_X0Y2:CLOCKREGION_X0Y2 CLOCKREGION_X0Y3:CLOCKREGION_X0Y3 CLOCKREGION_X0Y4:CLOCKREGION_X0Y4 CLOCKREGION_X0Y5:CLOCKREGION_X0Y5 CLOCKREGION_X0Y6:CLOCKREGION_X0Y6 CLOCKREGION_X0Y7:CLOCKREGION_X0Y7 CLOCKREGION_X0Y8:CLOCKREGION_X0Y8 CLOCKREGION_X0Y9:CLOCKREGION_X0Y9 CLOCKREGION_X1Y5:CLOCKREGION_X1Y5 CLOCKREGION_X1Y6:CLOCKREGION_X1Y6 CLOCKREGION_X1Y7:CLOCKREGION_X1Y7}
#endgroup

# Clock net "u1_ADC_wrapper/ADC_i/mdm_1/U0/No_Dbg_Reg_Access.BUFG_DRCK/Ext_JTAG_DRCK" driven by instance "u1_ADC_wrapper/ADC_i/mdm_1/U0/No_Dbg_Reg_Access.BUFG_DRCK/Using_FPGA.Native" located at site "BUFGCTRL_X0Y3"
#startgroup
create_pblock {CLKAG_u1_ADC_wrapper/ADC_i/mdm_1/U0/No_Dbg_Reg_Access.BUFG_DRCK/Ext_JTAG_DRCK}
add_cells_to_pblock [get_pblocks  {CLKAG_u1_ADC_wrapper/ADC_i/mdm_1/U0/No_Dbg_Reg_Access.BUFG_DRCK/Ext_JTAG_DRCK}] [get_cells -filter { PRIMITIVE_GROUP != I/O && IS_PRIMITIVE==1 && PRIMITIVE_LEVEL !=INTERNAL } -of_object [get_pins -filter {DIRECTION==IN} -of_objects [get_nets -hierarchical -filter {PARENT=="u1_ADC_wrapper/ADC_i/mdm_1/U0/No_Dbg_Reg_Access.BUFG_DRCK/Ext_JTAG_DRCK"}]]]
resize_pblock [get_pblocks {CLKAG_u1_ADC_wrapper/ADC_i/mdm_1/U0/No_Dbg_Reg_Access.BUFG_DRCK/Ext_JTAG_DRCK}] -add {CLOCKREGION_X0Y5:CLOCKREGION_X0Y5 CLOCKREGION_X1Y5:CLOCKREGION_X1Y5}
#endgroup

# Clock net "int_dac_top/dac_glbl_clk" driven by instance "int_dac_top/glbl_bufg_i" located at site "BUFGCTRL_X0Y16"
#startgroup
create_pblock {CLKAG_int_dac_top/dac_glbl_clk}
add_cells_to_pblock [get_pblocks  {CLKAG_int_dac_top/dac_glbl_clk}] [get_cells -filter { PRIMITIVE_GROUP != I/O && IS_PRIMITIVE==1 && PRIMITIVE_LEVEL !=INTERNAL } -of_object [get_pins -filter {DIRECTION==IN} -of_objects [get_nets -hierarchical -filter {PARENT=="int_dac_top/dac_glbl_clk"}]]]
resize_pblock [get_pblocks {CLKAG_int_dac_top/dac_glbl_clk}] -add {CLOCKREGION_X0Y0:CLOCKREGION_X0Y0 CLOCKREGION_X0Y1:CLOCKREGION_X0Y1 CLOCKREGION_X0Y2:CLOCKREGION_X0Y2 CLOCKREGION_X0Y3:CLOCKREGION_X0Y3 CLOCKREGION_X0Y4:CLOCKREGION_X0Y4 CLOCKREGION_X0Y6:CLOCKREGION_X0Y6 CLOCKREGION_X1Y0:CLOCKREGION_X1Y0 CLOCKREGION_X1Y1:CLOCKREGION_X1Y1 CLOCKREGION_X1Y2:CLOCKREGION_X1Y2 CLOCKREGION_X1Y3:CLOCKREGION_X1Y3 CLOCKREGION_X1Y4:CLOCKREGION_X1Y4 CLOCKREGION_X1Y5:CLOCKREGION_X1Y5 CLOCKREGION_X1Y6:CLOCKREGION_X1Y6 CLOCKREGION_X1Y7:CLOCKREGION_X1Y7 CLOCKREGION_X1Y8:CLOCKREGION_X1Y8 CLOCKREGION_X1Y9:CLOCKREGION_X1Y9}
#endgroup

# Clock net "dbg_hub/inst/BSCANID.u_xsdbm_id/itck_i" driven by instance "dbg_hub/inst/BSCANID.u_xsdbm_id/SWITCH_N_EXT_BSCAN.u_bufg_icon_tck" located at site "BUFGCTRL_X0Y2"
#startgroup
create_pblock {CLKAG_dbg_hub/inst/BSCANID.u_xsdbm_id/itck_i}
add_cells_to_pblock [get_pblocks  {CLKAG_dbg_hub/inst/BSCANID.u_xsdbm_id/itck_i}] [get_cells -filter { PRIMITIVE_GROUP != I/O && IS_PRIMITIVE==1 && PRIMITIVE_LEVEL !=INTERNAL } -of_object [get_pins -filter {DIRECTION==IN} -of_objects [get_nets -hierarchical -filter {PARENT=="dbg_hub/inst/BSCANID.u_xsdbm_id/itck_i"}]]]
resize_pblock [get_pblocks {CLKAG_dbg_hub/inst/BSCANID.u_xsdbm_id/itck_i}] -add {CLOCKREGION_X1Y6:CLOCKREGION_X1Y6}
#endgroup
