#-----------------------------------------------------------
# Vivado v2021.1 (64-bit)
# SW Build 3247384 on Thu Jun 10 19:36:33 MDT 2021
# IP Build 3246043 on Fri Jun 11 00:30:35 MDT 2021
# Start of session at: Mon Nov 25 10:03:43 2024
# Process ID: 4456
# Current directory: C:/Users/Administrator/Desktop/project_vivado18.3_YTH2_ADDA_pgb4_3.2/project_1
# Command line: vivado.exe -gui_launcher_event rodinguilauncherevent13116 C:\Users\Administrator\Desktop\project_vivado18.3_YTH2_ADDA_pgb4_3.2\project_1\project_1.xpr
# Log file: C:/Users/Administrator/Desktop/project_vivado18.3_YTH2_ADDA_pgb4_3.2/project_1/vivado.log
# Journal file: C:/Users/Administrator/Desktop/project_vivado18.3_YTH2_ADDA_pgb4_3.2/project_1\vivado.jou
#-----------------------------------------------------------
start_gui
open_project C:/Users/Administrator/Desktop/project_vivado18.3_YTH2_ADDA_pgb4_3.2/project_1/project_1.xpr
Scanning sources...
Finished scanning sources
INFO: [IP_Flow 19-234] Refreshing IP repositories
INFO: [IP_Flow 19-1704] No user IP repositories specified
INFO: [IP_Flow 19-2313] Loaded Vivado IP repository 'E:/Xilinx/Vivado/2021.1/data/ip'.
INFO: [Common 17-41] Interrupt caught. Command should exit soon.
WARNING: [IP_Flow 19-2162] IP 'sync_ram_18bit' is locked:
* IP definition 'Block Memory Generator (8.4)' for IP 'sync_ram_18bit' (customized with software release 2018.3) has a different revision in the IP Catalog.
WARNING: [IP_Flow 19-2162] IP 'jesd204_tx_phy' is locked:
* IP definition 'JESD204 PHY (4.0)' for IP 'jesd204_tx_phy' (customized with software release 2018.3) has a different revision in the IP Catalog. * IP 'jesd204_tx_phy' contains one or more locked subcores.
WARNING: [IP_Flow 19-2162] IP 'jesd204_tx' is locked:
* IP definition 'JESD204 (7.2)' for IP 'jesd204_tx' (customized with software release 2018.3) has a different revision in the IP Catalog.
WARNING: [IP_Flow 19-5178] IP jesd204_tx will not be generated with lower license level. If you would like to generate with the current available license levels, please reset and regenerate.
WARNING: [IP_Flow 19-2162] IP 'adc_fifo' is locked:
* IP definition 'FIFO Generator (13.2)' for IP 'adc_fifo' (customized with software release 2018.3) has a different revision in the IP Catalog.
WARNING: [IP_Flow 19-2162] IP 'jesd204_0_phy' is locked:
* IP definition 'JESD204 PHY (4.0)' for IP 'jesd204_0_phy' (customized with software release 2018.3) has a different revision in the IP Catalog. * IP 'jesd204_0_phy' contains one or more locked subcores.
ERROR: [BD 41-69] Error sourcing TCL script: 
    while executing
"namespace eval ::xilinx.com_interface_aximm_1.0 { source -notrace {E:/Xilinx/Vivado/2021.1/data/rsb/busdef/AXIMM/busdef.tcl} }"
ERROR: [BD 41-69] Error sourcing TCL script: 
    while executing
"source -notrace {E:/Xilinx/Vivado/2021.1/data/rsb/busdef/clock_signal/busdef.tcl} "
    (in namespace eval "::xilinx.com_signal_clock_1.0" script line 1)
    invoked from within
"namespace eval ::xilinx.com_signal_clock_1.0 { source -notrace {E:/Xilinx/Vivado/2021.1/data/rsb/busdef/clock_signal/busdef.tcl} }"
ERROR: [BD 41-69] Error sourcing TCL script: 
    while executing
"source -notrace {E:/Xilinx/Vivado/2021.1/data/rsb/busdef/gt_outclk/busdef.tcl} "
    (in namespace eval "::xilinx.com_signal_gt_outclk_1.0" script line 1)
    invoked from within
"namespace eval ::xilinx.com_signal_gt_outclk_1.0 { source -notrace {E:/Xilinx/Vivado/2021.1/data/rsb/busdef/gt_outclk/busdef.tcl} }"
ERROR: [BD 41-69] Error sourcing TCL script: 
    while executing
"source -notrace {E:/Xilinx/Vivado/2021.1/data/rsb/busdef/gt_usrclk/busdef.tcl} "
    (in namespace eval "::xilinx.com_signal_gt_usrclk_1.0" script line 1)
    invoked from within
"namespace eval ::xilinx.com_signal_gt_usrclk_1.0 { source -notrace {E:/Xilinx/Vivado/2021.1/data/rsb/busdef/gt_usrclk/busdef.tcl} }"
ERROR: [BD 41-69] Error sourcing TCL script: 
    while executing
"source -notrace {E:/Xilinx/Vivado/2021.1/data/rsb/busdef/interrupt_signal/busdef.tcl} "
    (in namespace eval "::xilinx.com_signal_interrupt_1.0" script line 1)
    invoked from within
"namespace eval ::xilinx.com_signal_interrupt_1.0 { source -notrace {E:/Xilinx/Vivado/2021.1/data/rsb/busdef/interrupt_signal/busdef.tcl} }"
WARNING: [BD 41-1661] One or more IPs have been locked in the design 'ADC.bd'. Please run report_ip_status for more details and recommendations on how to fix this issue.
List of locked IPs:
ADC_jesd_sysref_rst_0
ADC_lmk04828_sync_3
ADC_vio_0_0
ADC_axi_quad_spi_0_0
ADC_lmk04828_spi_0
ADC_lmk04828_sync_1
ADC_axi_gpio_0_0
ADC_lmk04828_sync_0
ADC_ilmb_v10_0
ADC_lmk04828_sync_2
ADC_lmk04828_ld_0
ADC_ada16d6000_1_rst_0
ADC_config_done_0
ADC_microblaze_0_0
ADC_lmk04828_ld_1
ADC_mdm_1_0
ADC_tier2_xbar_0_0
ADC_xbar_0
ADC_microblaze_0_axi_periph_0
ADC_dlmb_v10_0
ADC_dlmb_bram_if_cntlr_0
ADC_ilmb_bram_if_cntlr_0
ADC_lmb_bram_0
ADC_adc_lmx2592_0
ADC_tier2_xbar_1_0
ADC_dac_lmx2592_0
ADC_jesd_rst_p_0
ADC_sysref_div_0
ADC_tier2_xbar_2_0

WARNING: [IP_Flow 19-2162] IP 'gt_clk' is locked:
* IP definition 'Clocking Wizard (6.0)' for IP 'gt_clk' (customized with software release 2018.3) has a different revision in the IP Catalog.
WARNING: [IP_Flow 19-2162] IP 'clk_wiz_0' is locked:
* IP definition 'Clocking Wizard (6.0)' for IP 'clk_wiz_0' (customized with software release 2018.3) has a different revision in the IP Catalog.
WARNING: [IP_Flow 19-2162] IP 'dds_compiler_0' is locked:
* IP definition 'DDS Compiler (6.0)' for IP 'dds_compiler_0' (customized with software release 2018.3) has a different revision in the IP Catalog.
WARNING: [IP_Flow 19-2162] IP 'vio_0' is locked:
* IP definition 'VIO (Virtual Input/Output) (3.0)' for IP 'vio_0' (customized with software release 2018.3) has a different revision in the IP Catalog.
WARNING: [IP_Flow 19-2162] IP 'vio_1' is locked:
* IP definition 'VIO (Virtual Input/Output) (3.0)' for IP 'vio_1' (customized with software release 2018.3) has a different revision in the IP Catalog.
WARNING: [IP_Flow 19-2162] IP 'ila_adc' is locked:
* IP definition 'ILA (Integrated Logic Analyzer) (6.2)' for IP 'ila_adc' (customized with software release 2018.3) has a different revision in the IP Catalog.
WARNING: [IP_Flow 19-2162] IP 'jesd204_0' is locked:
* IP definition 'JESD204 (7.2)' for IP 'jesd204_0' (customized with software release 2018.3) has a different revision in the IP Catalog.
WARNING: [IP_Flow 19-5178] IP jesd204_0 will not be generated with lower license level. If you would like to generate with the current available license levels, please reset and regenerate.
WARNING: [IP_Flow 19-2162] IP 'ila_adc_256' is locked:
* IP definition 'ILA (Integrated Logic Analyzer) (6.2)' for IP 'ila_adc_256' (customized with software release 2018.3) has a different revision in the IP Catalog.
INFO: [Common 17-344] 'open_project' was cancelled
exit
INFO: [Common 17-206] Exiting Vivado at Mon Nov 25 10:11:13 2024...
